<?xml version="1.0" encoding="UTF-8"?>
<!-- Generated by org.testng.reporters.JUnitXMLReporter -->
<testsuite hostname="EPBYMINW2706" ignored="0" name="final" tests="16" failures="12" timestamp="28 May 2019 07:48:26 GMT" time="0.044" errors="0">
  <testcase name="cosTest" time="0.0" classname="com.epam.cdp.cal.tests.testng.positive.CosineCalculatorTest">
    <failure type="java.lang.AssertionError" message="Invalid result of cosine expected [-0.9055783620066238] but found [0.42]">
      <![CDATA[java.lang.AssertionError: Invalid result of cosine expected [-0.9055783620066238] but found [0.42]
at com.epam.cdp.cal.tests.testng.positive.CosineCalculatorTest.cosTest(CosineCalculatorTest.java:12)
at com.epam.cdp.cal.tests.testng.Runner.main(Runner.java:26)
... Removed 26 stack frames]]>
    </failure>
  </testcase> <!-- cosTest -->
  <testcase name="cosTest" time="0.0" classname="com.epam.cdp.cal.tests.testng.positive.CosineCalculatorTest">
    <failure type="java.lang.AssertionError" message="Invalid result of cosine expected [-0.9613974918795568] but found [-0.275]">
      <![CDATA[java.lang.AssertionError: Invalid result of cosine expected [-0.9613974918795568] but found [-0.275]
at com.epam.cdp.cal.tests.testng.positive.CosineCalculatorTest.cosTest(CosineCalculatorTest.java:12)
at com.epam.cdp.cal.tests.testng.Runner.main(Runner.java:26)
... Removed 26 stack frames]]>
    </failure>
  </testcase> <!-- cosTest -->
  <testcase name="cosTest" time="0.0" classname="com.epam.cdp.cal.tests.testng.positive.CosineCalculatorTest">
    <failure type="java.lang.AssertionError" message="Invalid result of cosine expected [0.1411200080598672] but found [-0.98]">
      <![CDATA[java.lang.AssertionError: Invalid result of cosine expected [0.1411200080598672] but found [-0.98]
at com.epam.cdp.cal.tests.testng.positive.CosineCalculatorTest.cosTest(CosineCalculatorTest.java:12)
at com.epam.cdp.cal.tests.testng.Runner.main(Runner.java:26)
... Removed 26 stack frames]]>
    </failure>
  </testcase> <!-- cosTest -->
  <testcase name="cosTest" time="0.0" classname="com.epam.cdp.cal.tests.testng.positive.CosineCalculatorTest">
    <failure type="java.lang.AssertionError" message="Invalid result of cosine expected [0.8414709848078965] but found [0.54]">
      <![CDATA[java.lang.AssertionError: Invalid result of cosine expected [0.8414709848078965] but found [0.54]
at com.epam.cdp.cal.tests.testng.positive.CosineCalculatorTest.cosTest(CosineCalculatorTest.java:12)
at com.epam.cdp.cal.tests.testng.Runner.main(Runner.java:26)
... Removed 26 stack frames]]>
    </failure>
  </testcase> <!-- cosTest -->
  <testcase name="tangentTest" time="0.0" classname="com.epam.cdp.cal.tests.testng.positive.TangentCalculatorTest">
    <failure type="java.lang.AssertionError" message="Invalid result of tangent expected [NaN] but found [0.0]">
      <![CDATA[java.lang.AssertionError: Invalid result of tangent expected [NaN] but found [0.0]
at com.epam.cdp.cal.tests.testng.positive.TangentCalculatorTest.tangentTest(TangentCalculatorTest.java:13)
at com.epam.cdp.cal.tests.testng.Runner.main(Runner.java:26)
... Removed 26 stack frames]]>
    </failure>
  </testcase> <!-- tangentTest -->
  <testcase name="tangentTest" time="0.0" classname="com.epam.cdp.cal.tests.testng.positive.TangentCalculatorTest">
    <failure type="java.lang.AssertionError" message="Invalid result of tangent expected [1.0] but found [0.87]">
      <![CDATA[java.lang.AssertionError: Invalid result of tangent expected [1.0] but found [0.87]
at com.epam.cdp.cal.tests.testng.positive.TangentCalculatorTest.tangentTest(TangentCalculatorTest.java:13)
at com.epam.cdp.cal.tests.testng.Runner.main(Runner.java:26)
... Removed 26 stack frames]]>
    </failure>
  </testcase> <!-- tangentTest -->
  <testcase name="tangentTest" time="0.0" classname="com.epam.cdp.cal.tests.testng.positive.TangentCalculatorTest">
    <failure type="java.lang.AssertionError" message="Invalid result of tangent expected [1.0] but found [1.55]">
      <![CDATA[java.lang.AssertionError: Invalid result of tangent expected [1.0] but found [1.55]
at com.epam.cdp.cal.tests.testng.positive.TangentCalculatorTest.tangentTest(TangentCalculatorTest.java:13)
at com.epam.cdp.cal.tests.testng.Runner.main(Runner.java:26)
... Removed 26 stack frames]]>
    </failure>
  </testcase> <!-- tangentTest -->
  <testcase name="tangentTest" time="0.0" classname="com.epam.cdp.cal.tests.testng.positive.TangentCalculatorTest">
    <failure type="java.lang.AssertionError" message="Invalid result of tangent expected [1.0] but found [-1.55]">
      <![CDATA[java.lang.AssertionError: Invalid result of tangent expected [1.0] but found [-1.55]
at com.epam.cdp.cal.tests.testng.positive.TangentCalculatorTest.tangentTest(TangentCalculatorTest.java:13)
at com.epam.cdp.cal.tests.testng.Runner.main(Runner.java:26)
... Removed 26 stack frames]]>
    </failure>
  </testcase> <!-- tangentTest -->
  <testcase name="cotangentTest" time="0.004" classname="com.epam.cdp.cal.tests.testng.positive.CotangentCalculatorTest">
    <failure type="java.lang.AssertionError" message="Invalid result of cotangent expected [0.0] but found [Infinity]">
      <![CDATA[java.lang.AssertionError: Invalid result of cotangent expected [0.0] but found [Infinity]
at com.epam.cdp.cal.tests.testng.positive.CotangentCalculatorTest.cotangentTest(CotangentCalculatorTest.java:14)
at com.epam.cdp.cal.tests.testng.Runner.main(Runner.java:26)
... Removed 26 stack frames]]>
    </failure>
  </testcase> <!-- cotangentTest -->
  <testcase name="cotangentTest" time="0.0" classname="com.epam.cdp.cal.tests.testng.positive.CotangentCalculatorTest">
    <failure type="java.lang.AssertionError" message="Invalid result of cotangent expected [0.9999983369439447] but found [1.14]">
      <![CDATA[java.lang.AssertionError: Invalid result of cotangent expected [0.9999983369439447] but found [1.14]
at com.epam.cdp.cal.tests.testng.positive.CotangentCalculatorTest.cotangentTest(CotangentCalculatorTest.java:14)
at com.epam.cdp.cal.tests.testng.Runner.main(Runner.java:26)
... Removed 26 stack frames]]>
    </failure>
  </testcase> <!-- cotangentTest -->
  <testcase name="cotangentTest" time="0.0" classname="com.epam.cdp.cal.tests.testng.positive.CotangentCalculatorTest">
    <failure type="java.lang.AssertionError" message="Invalid result of cotangent expected [0.7615941559557649] but found [0.642]">
      <![CDATA[java.lang.AssertionError: Invalid result of cotangent expected [0.7615941559557649] but found [0.642]
at com.epam.cdp.cal.tests.testng.positive.CotangentCalculatorTest.cotangentTest(CotangentCalculatorTest.java:14)
at com.epam.cdp.cal.tests.testng.Runner.main(Runner.java:26)
... Removed 26 stack frames]]>
    </failure>
  </testcase> <!-- cotangentTest -->
  <testcase name="cotangentTest" time="0.0" classname="com.epam.cdp.cal.tests.testng.positive.CotangentCalculatorTest">
    <failure type="java.lang.AssertionError" message="Invalid result of cotangent expected [-0.7615941559557649] but found [-0.642]">
      <![CDATA[java.lang.AssertionError: Invalid result of cotangent expected [-0.7615941559557649] but found [-0.642]
at com.epam.cdp.cal.tests.testng.positive.CotangentCalculatorTest.cotangentTest(CotangentCalculatorTest.java:14)
at com.epam.cdp.cal.tests.testng.Runner.main(Runner.java:26)
... Removed 26 stack frames]]>
    </failure>
  </testcase> <!-- cotangentTest -->
  <testcase name="sinusTest" time="0.0" classname="com.epam.cdp.cal.tests.testng.positive.SinusCalculatorTest"/>
  <testcase name="sinusTest" time="0.0" classname="com.epam.cdp.cal.tests.testng.positive.SinusCalculatorTest"/>
  <testcase name="sinusTest" time="0.0" classname="com.epam.cdp.cal.tests.testng.positive.SinusCalculatorTest"/>
  <testcase name="sinusTest" time="0.0" classname="com.epam.cdp.cal.tests.testng.positive.SinusCalculatorTest"/>
</testsuite> <!-- final -->
