<html>
<head>
<title>TestNG:  final</title>
<link href="../testng.css" rel="stylesheet" type="text/css" />
<link href="../my-testng.css" rel="stylesheet" type="text/css" />

<style type="text/css">
.log { display: none;} 
.stack-trace { display: none;} 
</style>
<script type="text/javascript">
<!--
function flip(e) {
  current = e.style.display;
  if (current == 'block') {
    e.style.display = 'none';
    return 0;
  }
  else {
    e.style.display = 'block';
    return 1;
  }
}

function toggleBox(szDivId, elem, msg1, msg2)
{
  var res = -1;  if (document.getElementById) {
    res = flip(document.getElementById(szDivId));
  }
  else if (document.all) {
    // this is the way old msie versions work
    res = flip(document.all[szDivId]);
  }
  if(elem) {
    if(res == 0) elem.innerHTML = msg1; else elem.innerHTML = msg2;
  }

}

function toggleAllBoxes() {
  if (document.getElementsByTagName) {
    d = document.getElementsByTagName('div');
    for (i = 0; i < d.length; i++) {
      if (d[i].className == 'log') {
        flip(d[i]);
      }
    }
  }
}

// -->
</script>

</head>
<body>
<h2 align='center'>final</h2><table border='1' align="center">
<tr>
<td>Tests passed/Failed/Skipped:</td><td>4/12/0</td>
</tr><tr>
<td>Started on:</td><td>Tue May 28 10:48:26 MSK 2019</td>
</tr>
<tr><td>Total time:</td><td>0 seconds (44 ms)</td>
</tr><tr>
<td>Included groups:</td><td></td>
</tr><tr>
<td>Excluded groups:</td><td></td>
</tr>
</table><p/>
<small><i>(Hover the method name to see the test class name)</i></small><p/>
<table width='100%' border='1' class='invocation-failed'>
<tr><td colspan='4' align='center'><b>FAILED TESTS</b></td></tr>
<tr><td><b>Test method</b></td>
<td width="30%"><b>Exception</b></td>
<td width="10%"><b>Time (seconds)</b></td>
<td><b>Instance</b></td>
</tr>
<tr>
<td title='com.epam.cdp.cal.tests.testng.positive.CosineCalculatorTest.cosTest()'><b>cosTest</b><br>Test class: com.epam.cdp.cal.tests.testng.positive.CosineCalculatorTest<br>Parameters: 24, 0.42</td>
<td><div><pre>java.lang.AssertionError: Invalid result of cosine expected [-0.9055783620066238] but found [0.42]
	at com.epam.cdp.cal.tests.testng.positive.CosineCalculatorTest.cosTest(CosineCalculatorTest.java:12)
	at com.epam.cdp.cal.tests.testng.Runner.main(Runner.java:26)
... Removed 26 stack frames</pre></div><a href='#' onClick='toggleBox("stack-trace1312100", this, "Click to show all stack frames", "Click to hide stack frames")'>Click to show all stack frames</a>
<div class='stack-trace' id='stack-trace1312100'><pre>java.lang.AssertionError: Invalid result of cosine expected [-0.9055783620066238] but found [0.42]
	at org.testng.Assert.fail(Assert.java:96)
	at org.testng.Assert.failNotEquals(Assert.java:776)
	at org.testng.Assert.assertEquals(Assert.java:489)
	at com.epam.cdp.cal.tests.testng.positive.CosineCalculatorTest.cosTest(CosineCalculatorTest.java:12)
	at sun.reflect.NativeMethodAccessorImpl.invoke0(Native Method)
	at sun.reflect.NativeMethodAccessorImpl.invoke(NativeMethodAccessorImpl.java:62)
	at sun.reflect.DelegatingMethodAccessorImpl.invoke(DelegatingMethodAccessorImpl.java:43)
	at java.lang.reflect.Method.invoke(Method.java:498)
	at org.testng.internal.MethodInvocationHelper.invokeMethod(MethodInvocationHelper.java:124)
	at org.testng.internal.Invoker.invokeMethod(Invoker.java:583)
	at org.testng.internal.Invoker.invokeTestMethod(Invoker.java:719)
	at org.testng.internal.Invoker.invokeTestMethods(Invoker.java:989)
	at org.testng.internal.TestMethodWorker.invokeTestMethods(TestMethodWorker.java:125)
	at org.testng.internal.TestMethodWorker.run(TestMethodWorker.java:109)
	at org.testng.TestRunner.privateRun(TestRunner.java:648)
	at org.testng.TestRunner.run(TestRunner.java:505)
	at org.testng.SuiteRunner.runTest(SuiteRunner.java:455)
	at org.testng.SuiteRunner.runSequentially(SuiteRunner.java:450)
	at org.testng.SuiteRunner.privateRun(SuiteRunner.java:415)
	at org.testng.SuiteRunner.run(SuiteRunner.java:364)
	at org.testng.SuiteRunnerWorker.runSuite(SuiteRunnerWorker.java:52)
	at org.testng.SuiteRunnerWorker.run(SuiteRunnerWorker.java:84)
	at org.testng.TestNG.runSuitesSequentially(TestNG.java:1208)
	at org.testng.TestNG.runSuitesSequentially(TestNG.java:1204)
	at org.testng.TestNG.runSuitesLocally(TestNG.java:1137)
	at org.testng.TestNG.runSuites(TestNG.java:1049)
	at org.testng.TestNG.run(TestNG.java:1017)
	at com.epam.cdp.cal.tests.testng.Runner.main(Runner.java:26)
</pre></div></td>
<td>0</td>
<td>com.epam.cdp.cal.tests.testng.positive.CosineCalculatorTest@1b0f6b2</td></tr>
<tr>
<td title='com.epam.cdp.cal.tests.testng.positive.CosineCalculatorTest.cosTest()'><b>cosTest</b><br>Test class: com.epam.cdp.cal.tests.testng.positive.CosineCalculatorTest<br>Parameters: 17, -0.275</td>
<td><div><pre>java.lang.AssertionError: Invalid result of cosine expected [-0.9613974918795568] but found [-0.275]
	at com.epam.cdp.cal.tests.testng.positive.CosineCalculatorTest.cosTest(CosineCalculatorTest.java:12)
	at com.epam.cdp.cal.tests.testng.Runner.main(Runner.java:26)
... Removed 26 stack frames</pre></div><a href='#' onClick='toggleBox("stack-trace26013681", this, "Click to show all stack frames", "Click to hide stack frames")'>Click to show all stack frames</a>
<div class='stack-trace' id='stack-trace26013681'><pre>java.lang.AssertionError: Invalid result of cosine expected [-0.9613974918795568] but found [-0.275]
	at org.testng.Assert.fail(Assert.java:96)
	at org.testng.Assert.failNotEquals(Assert.java:776)
	at org.testng.Assert.assertEquals(Assert.java:489)
	at com.epam.cdp.cal.tests.testng.positive.CosineCalculatorTest.cosTest(CosineCalculatorTest.java:12)
	at sun.reflect.NativeMethodAccessorImpl.invoke0(Native Method)
	at sun.reflect.NativeMethodAccessorImpl.invoke(NativeMethodAccessorImpl.java:62)
	at sun.reflect.DelegatingMethodAccessorImpl.invoke(DelegatingMethodAccessorImpl.java:43)
	at java.lang.reflect.Method.invoke(Method.java:498)
	at org.testng.internal.MethodInvocationHelper.invokeMethod(MethodInvocationHelper.java:124)
	at org.testng.internal.Invoker.invokeMethod(Invoker.java:583)
	at org.testng.internal.Invoker.invokeTestMethod(Invoker.java:719)
	at org.testng.internal.Invoker.invokeTestMethods(Invoker.java:989)
	at org.testng.internal.TestMethodWorker.invokeTestMethods(TestMethodWorker.java:125)
	at org.testng.internal.TestMethodWorker.run(TestMethodWorker.java:109)
	at org.testng.TestRunner.privateRun(TestRunner.java:648)
	at org.testng.TestRunner.run(TestRunner.java:505)
	at org.testng.SuiteRunner.runTest(SuiteRunner.java:455)
	at org.testng.SuiteRunner.runSequentially(SuiteRunner.java:450)
	at org.testng.SuiteRunner.privateRun(SuiteRunner.java:415)
	at org.testng.SuiteRunner.run(SuiteRunner.java:364)
	at org.testng.SuiteRunnerWorker.runSuite(SuiteRunnerWorker.java:52)
	at org.testng.SuiteRunnerWorker.run(SuiteRunnerWorker.java:84)
	at org.testng.TestNG.runSuitesSequentially(TestNG.java:1208)
	at org.testng.TestNG.runSuitesSequentially(TestNG.java:1204)
	at org.testng.TestNG.runSuitesLocally(TestNG.java:1137)
	at org.testng.TestNG.runSuites(TestNG.java:1049)
	at org.testng.TestNG.run(TestNG.java:1017)
	at com.epam.cdp.cal.tests.testng.Runner.main(Runner.java:26)
</pre></div></td>
<td>0</td>
<td>com.epam.cdp.cal.tests.testng.positive.CosineCalculatorTest@1b0f6b2</td></tr>
<tr>
<td title='com.epam.cdp.cal.tests.testng.positive.CosineCalculatorTest.cosTest()'><b>cosTest</b><br>Test class: com.epam.cdp.cal.tests.testng.positive.CosineCalculatorTest<br>Parameters: 3, -0.98</td>
<td><div><pre>java.lang.AssertionError: Invalid result of cosine expected [0.1411200080598672] but found [-0.98]
	at com.epam.cdp.cal.tests.testng.positive.CosineCalculatorTest.cosTest(CosineCalculatorTest.java:12)
	at com.epam.cdp.cal.tests.testng.Runner.main(Runner.java:26)
... Removed 26 stack frames</pre></div><a href='#' onClick='toggleBox("stack-trace3187970", this, "Click to show all stack frames", "Click to hide stack frames")'>Click to show all stack frames</a>
<div class='stack-trace' id='stack-trace3187970'><pre>java.lang.AssertionError: Invalid result of cosine expected [0.1411200080598672] but found [-0.98]
	at org.testng.Assert.fail(Assert.java:96)
	at org.testng.Assert.failNotEquals(Assert.java:776)
	at org.testng.Assert.assertEquals(Assert.java:489)
	at com.epam.cdp.cal.tests.testng.positive.CosineCalculatorTest.cosTest(CosineCalculatorTest.java:12)
	at sun.reflect.NativeMethodAccessorImpl.invoke0(Native Method)
	at sun.reflect.NativeMethodAccessorImpl.invoke(NativeMethodAccessorImpl.java:62)
	at sun.reflect.DelegatingMethodAccessorImpl.invoke(DelegatingMethodAccessorImpl.java:43)
	at java.lang.reflect.Method.invoke(Method.java:498)
	at org.testng.internal.MethodInvocationHelper.invokeMethod(MethodInvocationHelper.java:124)
	at org.testng.internal.Invoker.invokeMethod(Invoker.java:583)
	at org.testng.internal.Invoker.invokeTestMethod(Invoker.java:719)
	at org.testng.internal.Invoker.invokeTestMethods(Invoker.java:989)
	at org.testng.internal.TestMethodWorker.invokeTestMethods(TestMethodWorker.java:125)
	at org.testng.internal.TestMethodWorker.run(TestMethodWorker.java:109)
	at org.testng.TestRunner.privateRun(TestRunner.java:648)
	at org.testng.TestRunner.run(TestRunner.java:505)
	at org.testng.SuiteRunner.runTest(SuiteRunner.java:455)
	at org.testng.SuiteRunner.runSequentially(SuiteRunner.java:450)
	at org.testng.SuiteRunner.privateRun(SuiteRunner.java:415)
	at org.testng.SuiteRunner.run(SuiteRunner.java:364)
	at org.testng.SuiteRunnerWorker.runSuite(SuiteRunnerWorker.java:52)
	at org.testng.SuiteRunnerWorker.run(SuiteRunnerWorker.java:84)
	at org.testng.TestNG.runSuitesSequentially(TestNG.java:1208)
	at org.testng.TestNG.runSuitesSequentially(TestNG.java:1204)
	at org.testng.TestNG.runSuitesLocally(TestNG.java:1137)
	at org.testng.TestNG.runSuites(TestNG.java:1049)
	at org.testng.TestNG.run(TestNG.java:1017)
	at com.epam.cdp.cal.tests.testng.Runner.main(Runner.java:26)
</pre></div></td>
<td>0</td>
<td>com.epam.cdp.cal.tests.testng.positive.CosineCalculatorTest@1b0f6b2</td></tr>
<tr>
<td title='com.epam.cdp.cal.tests.testng.positive.CosineCalculatorTest.cosTest()'><b>cosTest</b><br>Test class: com.epam.cdp.cal.tests.testng.positive.CosineCalculatorTest<br>Parameters: 1, 0.54</td>
<td><div><pre>java.lang.AssertionError: Invalid result of cosine expected [0.8414709848078965] but found [0.54]
	at com.epam.cdp.cal.tests.testng.positive.CosineCalculatorTest.cosTest(CosineCalculatorTest.java:12)
	at com.epam.cdp.cal.tests.testng.Runner.main(Runner.java:26)
... Removed 26 stack frames</pre></div><a href='#' onClick='toggleBox("stack-trace31771525", this, "Click to show all stack frames", "Click to hide stack frames")'>Click to show all stack frames</a>
<div class='stack-trace' id='stack-trace31771525'><pre>java.lang.AssertionError: Invalid result of cosine expected [0.8414709848078965] but found [0.54]
	at org.testng.Assert.fail(Assert.java:96)
	at org.testng.Assert.failNotEquals(Assert.java:776)
	at org.testng.Assert.assertEquals(Assert.java:489)
	at com.epam.cdp.cal.tests.testng.positive.CosineCalculatorTest.cosTest(CosineCalculatorTest.java:12)
	at sun.reflect.NativeMethodAccessorImpl.invoke0(Native Method)
	at sun.reflect.NativeMethodAccessorImpl.invoke(NativeMethodAccessorImpl.java:62)
	at sun.reflect.DelegatingMethodAccessorImpl.invoke(DelegatingMethodAccessorImpl.java:43)
	at java.lang.reflect.Method.invoke(Method.java:498)
	at org.testng.internal.MethodInvocationHelper.invokeMethod(MethodInvocationHelper.java:124)
	at org.testng.internal.Invoker.invokeMethod(Invoker.java:583)
	at org.testng.internal.Invoker.invokeTestMethod(Invoker.java:719)
	at org.testng.internal.Invoker.invokeTestMethods(Invoker.java:989)
	at org.testng.internal.TestMethodWorker.invokeTestMethods(TestMethodWorker.java:125)
	at org.testng.internal.TestMethodWorker.run(TestMethodWorker.java:109)
	at org.testng.TestRunner.privateRun(TestRunner.java:648)
	at org.testng.TestRunner.run(TestRunner.java:505)
	at org.testng.SuiteRunner.runTest(SuiteRunner.java:455)
	at org.testng.SuiteRunner.runSequentially(SuiteRunner.java:450)
	at org.testng.SuiteRunner.privateRun(SuiteRunner.java:415)
	at org.testng.SuiteRunner.run(SuiteRunner.java:364)
	at org.testng.SuiteRunnerWorker.runSuite(SuiteRunnerWorker.java:52)
	at org.testng.SuiteRunnerWorker.run(SuiteRunnerWorker.java:84)
	at org.testng.TestNG.runSuitesSequentially(TestNG.java:1208)
	at org.testng.TestNG.runSuitesSequentially(TestNG.java:1204)
	at org.testng.TestNG.runSuitesLocally(TestNG.java:1137)
	at org.testng.TestNG.runSuites(TestNG.java:1049)
	at org.testng.TestNG.run(TestNG.java:1017)
	at com.epam.cdp.cal.tests.testng.Runner.main(Runner.java:26)
</pre></div></td>
<td>0</td>
<td>com.epam.cdp.cal.tests.testng.positive.CosineCalculatorTest@1b0f6b2</td></tr>
<tr>
<td title='com.epam.cdp.cal.tests.testng.positive.CotangentCalculatorTest.cotangentTest()'><b>cotangentTest</b><br>Test class: com.epam.cdp.cal.tests.testng.positive.CotangentCalculatorTest<br>Parameters: 0, Infinity</td>
<td><div><pre>java.lang.AssertionError: Invalid result of cotangent expected [0.0] but found [Infinity]
	at com.epam.cdp.cal.tests.testng.positive.CotangentCalculatorTest.cotangentTest(CotangentCalculatorTest.java:14)
	at com.epam.cdp.cal.tests.testng.Runner.main(Runner.java:26)
... Removed 26 stack frames</pre></div><a href='#' onClick='toggleBox("stack-trace14041922", this, "Click to show all stack frames", "Click to hide stack frames")'>Click to show all stack frames</a>
<div class='stack-trace' id='stack-trace14041922'><pre>java.lang.AssertionError: Invalid result of cotangent expected [0.0] but found [Infinity]
	at org.testng.Assert.fail(Assert.java:96)
	at org.testng.Assert.failNotEquals(Assert.java:776)
	at org.testng.Assert.assertEquals(Assert.java:489)
	at com.epam.cdp.cal.tests.testng.positive.CotangentCalculatorTest.cotangentTest(CotangentCalculatorTest.java:14)
	at sun.reflect.NativeMethodAccessorImpl.invoke0(Native Method)
	at sun.reflect.NativeMethodAccessorImpl.invoke(NativeMethodAccessorImpl.java:62)
	at sun.reflect.DelegatingMethodAccessorImpl.invoke(DelegatingMethodAccessorImpl.java:43)
	at java.lang.reflect.Method.invoke(Method.java:498)
	at org.testng.internal.MethodInvocationHelper.invokeMethod(MethodInvocationHelper.java:124)
	at org.testng.internal.Invoker.invokeMethod(Invoker.java:583)
	at org.testng.internal.Invoker.invokeTestMethod(Invoker.java:719)
	at org.testng.internal.Invoker.invokeTestMethods(Invoker.java:989)
	at org.testng.internal.TestMethodWorker.invokeTestMethods(TestMethodWorker.java:125)
	at org.testng.internal.TestMethodWorker.run(TestMethodWorker.java:109)
	at org.testng.TestRunner.privateRun(TestRunner.java:648)
	at org.testng.TestRunner.run(TestRunner.java:505)
	at org.testng.SuiteRunner.runTest(SuiteRunner.java:455)
	at org.testng.SuiteRunner.runSequentially(SuiteRunner.java:450)
	at org.testng.SuiteRunner.privateRun(SuiteRunner.java:415)
	at org.testng.SuiteRunner.run(SuiteRunner.java:364)
	at org.testng.SuiteRunnerWorker.runSuite(SuiteRunnerWorker.java:52)
	at org.testng.SuiteRunnerWorker.run(SuiteRunnerWorker.java:84)
	at org.testng.TestNG.runSuitesSequentially(TestNG.java:1208)
	at org.testng.TestNG.runSuitesSequentially(TestNG.java:1204)
	at org.testng.TestNG.runSuitesLocally(TestNG.java:1137)
	at org.testng.TestNG.runSuites(TestNG.java:1049)
	at org.testng.TestNG.run(TestNG.java:1017)
	at com.epam.cdp.cal.tests.testng.Runner.main(Runner.java:26)
</pre></div></td>
<td>0</td>
<td>com.epam.cdp.cal.tests.testng.positive.CotangentCalculatorTest@4afd8d</td></tr>
<tr>
<td title='com.epam.cdp.cal.tests.testng.positive.CotangentCalculatorTest.cotangentTest()'><b>cotangentTest</b><br>Test class: com.epam.cdp.cal.tests.testng.positive.CotangentCalculatorTest<br>Parameters: 7, 1.14</td>
<td><div><pre>java.lang.AssertionError: Invalid result of cotangent expected [0.9999983369439447] but found [1.14]
	at com.epam.cdp.cal.tests.testng.positive.CotangentCalculatorTest.cotangentTest(CotangentCalculatorTest.java:14)
	at com.epam.cdp.cal.tests.testng.Runner.main(Runner.java:26)
... Removed 26 stack frames</pre></div><a href='#' onClick='toggleBox("stack-trace28989972", this, "Click to show all stack frames", "Click to hide stack frames")'>Click to show all stack frames</a>
<div class='stack-trace' id='stack-trace28989972'><pre>java.lang.AssertionError: Invalid result of cotangent expected [0.9999983369439447] but found [1.14]
	at org.testng.Assert.fail(Assert.java:96)
	at org.testng.Assert.failNotEquals(Assert.java:776)
	at org.testng.Assert.assertEquals(Assert.java:489)
	at com.epam.cdp.cal.tests.testng.positive.CotangentCalculatorTest.cotangentTest(CotangentCalculatorTest.java:14)
	at sun.reflect.NativeMethodAccessorImpl.invoke0(Native Method)
	at sun.reflect.NativeMethodAccessorImpl.invoke(NativeMethodAccessorImpl.java:62)
	at sun.reflect.DelegatingMethodAccessorImpl.invoke(DelegatingMethodAccessorImpl.java:43)
	at java.lang.reflect.Method.invoke(Method.java:498)
	at org.testng.internal.MethodInvocationHelper.invokeMethod(MethodInvocationHelper.java:124)
	at org.testng.internal.Invoker.invokeMethod(Invoker.java:583)
	at org.testng.internal.Invoker.invokeTestMethod(Invoker.java:719)
	at org.testng.internal.Invoker.invokeTestMethods(Invoker.java:989)
	at org.testng.internal.TestMethodWorker.invokeTestMethods(TestMethodWorker.java:125)
	at org.testng.internal.TestMethodWorker.run(TestMethodWorker.java:109)
	at org.testng.TestRunner.privateRun(TestRunner.java:648)
	at org.testng.TestRunner.run(TestRunner.java:505)
	at org.testng.SuiteRunner.runTest(SuiteRunner.java:455)
	at org.testng.SuiteRunner.runSequentially(SuiteRunner.java:450)
	at org.testng.SuiteRunner.privateRun(SuiteRunner.java:415)
	at org.testng.SuiteRunner.run(SuiteRunner.java:364)
	at org.testng.SuiteRunnerWorker.runSuite(SuiteRunnerWorker.java:52)
	at org.testng.SuiteRunnerWorker.run(SuiteRunnerWorker.java:84)
	at org.testng.TestNG.runSuitesSequentially(TestNG.java:1208)
	at org.testng.TestNG.runSuitesSequentially(TestNG.java:1204)
	at org.testng.TestNG.runSuitesLocally(TestNG.java:1137)
	at org.testng.TestNG.runSuites(TestNG.java:1049)
	at org.testng.TestNG.run(TestNG.java:1017)
	at com.epam.cdp.cal.tests.testng.Runner.main(Runner.java:26)
</pre></div></td>
<td>0</td>
<td>com.epam.cdp.cal.tests.testng.positive.CotangentCalculatorTest@4afd8d</td></tr>
<tr>
<td title='com.epam.cdp.cal.tests.testng.positive.CotangentCalculatorTest.cotangentTest()'><b>cotangentTest</b><br>Test class: com.epam.cdp.cal.tests.testng.positive.CotangentCalculatorTest<br>Parameters: 1, 0.642</td>
<td><div><pre>java.lang.AssertionError: Invalid result of cotangent expected [0.7615941559557649] but found [0.642]
	at com.epam.cdp.cal.tests.testng.positive.CotangentCalculatorTest.cotangentTest(CotangentCalculatorTest.java:14)
	at com.epam.cdp.cal.tests.testng.Runner.main(Runner.java:26)
... Removed 26 stack frames</pre></div><a href='#' onClick='toggleBox("stack-trace18590309", this, "Click to show all stack frames", "Click to hide stack frames")'>Click to show all stack frames</a>
<div class='stack-trace' id='stack-trace18590309'><pre>java.lang.AssertionError: Invalid result of cotangent expected [0.7615941559557649] but found [0.642]
	at org.testng.Assert.fail(Assert.java:96)
	at org.testng.Assert.failNotEquals(Assert.java:776)
	at org.testng.Assert.assertEquals(Assert.java:489)
	at com.epam.cdp.cal.tests.testng.positive.CotangentCalculatorTest.cotangentTest(CotangentCalculatorTest.java:14)
	at sun.reflect.NativeMethodAccessorImpl.invoke0(Native Method)
	at sun.reflect.NativeMethodAccessorImpl.invoke(NativeMethodAccessorImpl.java:62)
	at sun.reflect.DelegatingMethodAccessorImpl.invoke(DelegatingMethodAccessorImpl.java:43)
	at java.lang.reflect.Method.invoke(Method.java:498)
	at org.testng.internal.MethodInvocationHelper.invokeMethod(MethodInvocationHelper.java:124)
	at org.testng.internal.Invoker.invokeMethod(Invoker.java:583)
	at org.testng.internal.Invoker.invokeTestMethod(Invoker.java:719)
	at org.testng.internal.Invoker.invokeTestMethods(Invoker.java:989)
	at org.testng.internal.TestMethodWorker.invokeTestMethods(TestMethodWorker.java:125)
	at org.testng.internal.TestMethodWorker.run(TestMethodWorker.java:109)
	at org.testng.TestRunner.privateRun(TestRunner.java:648)
	at org.testng.TestRunner.run(TestRunner.java:505)
	at org.testng.SuiteRunner.runTest(SuiteRunner.java:455)
	at org.testng.SuiteRunner.runSequentially(SuiteRunner.java:450)
	at org.testng.SuiteRunner.privateRun(SuiteRunner.java:415)
	at org.testng.SuiteRunner.run(SuiteRunner.java:364)
	at org.testng.SuiteRunnerWorker.runSuite(SuiteRunnerWorker.java:52)
	at org.testng.SuiteRunnerWorker.run(SuiteRunnerWorker.java:84)
	at org.testng.TestNG.runSuitesSequentially(TestNG.java:1208)
	at org.testng.TestNG.runSuitesSequentially(TestNG.java:1204)
	at org.testng.TestNG.runSuitesLocally(TestNG.java:1137)
	at org.testng.TestNG.runSuites(TestNG.java:1049)
	at org.testng.TestNG.run(TestNG.java:1017)
	at com.epam.cdp.cal.tests.testng.Runner.main(Runner.java:26)
</pre></div></td>
<td>0</td>
<td>com.epam.cdp.cal.tests.testng.positive.CotangentCalculatorTest@4afd8d</td></tr>
<tr>
<td title='com.epam.cdp.cal.tests.testng.positive.CotangentCalculatorTest.cotangentTest()'><b>cotangentTest</b><br>Test class: com.epam.cdp.cal.tests.testng.positive.CotangentCalculatorTest<br>Parameters: -1, -0.642</td>
<td><div><pre>java.lang.AssertionError: Invalid result of cotangent expected [-0.7615941559557649] but found [-0.642]
	at com.epam.cdp.cal.tests.testng.positive.CotangentCalculatorTest.cotangentTest(CotangentCalculatorTest.java:14)
	at com.epam.cdp.cal.tests.testng.Runner.main(Runner.java:26)
... Removed 26 stack frames</pre></div><a href='#' onClick='toggleBox("stack-trace1000334", this, "Click to show all stack frames", "Click to hide stack frames")'>Click to show all stack frames</a>
<div class='stack-trace' id='stack-trace1000334'><pre>java.lang.AssertionError: Invalid result of cotangent expected [-0.7615941559557649] but found [-0.642]
	at org.testng.Assert.fail(Assert.java:96)
	at org.testng.Assert.failNotEquals(Assert.java:776)
	at org.testng.Assert.assertEquals(Assert.java:489)
	at com.epam.cdp.cal.tests.testng.positive.CotangentCalculatorTest.cotangentTest(CotangentCalculatorTest.java:14)
	at sun.reflect.NativeMethodAccessorImpl.invoke0(Native Method)
	at sun.reflect.NativeMethodAccessorImpl.invoke(NativeMethodAccessorImpl.java:62)
	at sun.reflect.DelegatingMethodAccessorImpl.invoke(DelegatingMethodAccessorImpl.java:43)
	at java.lang.reflect.Method.invoke(Method.java:498)
	at org.testng.internal.MethodInvocationHelper.invokeMethod(MethodInvocationHelper.java:124)
	at org.testng.internal.Invoker.invokeMethod(Invoker.java:583)
	at org.testng.internal.Invoker.invokeTestMethod(Invoker.java:719)
	at org.testng.internal.Invoker.invokeTestMethods(Invoker.java:989)
	at org.testng.internal.TestMethodWorker.invokeTestMethods(TestMethodWorker.java:125)
	at org.testng.internal.TestMethodWorker.run(TestMethodWorker.java:109)
	at org.testng.TestRunner.privateRun(TestRunner.java:648)
	at org.testng.TestRunner.run(TestRunner.java:505)
	at org.testng.SuiteRunner.runTest(SuiteRunner.java:455)
	at org.testng.SuiteRunner.runSequentially(SuiteRunner.java:450)
	at org.testng.SuiteRunner.privateRun(SuiteRunner.java:415)
	at org.testng.SuiteRunner.run(SuiteRunner.java:364)
	at org.testng.SuiteRunnerWorker.runSuite(SuiteRunnerWorker.java:52)
	at org.testng.SuiteRunnerWorker.run(SuiteRunnerWorker.java:84)
	at org.testng.TestNG.runSuitesSequentially(TestNG.java:1208)
	at org.testng.TestNG.runSuitesSequentially(TestNG.java:1204)
	at org.testng.TestNG.runSuitesLocally(TestNG.java:1137)
	at org.testng.TestNG.runSuites(TestNG.java:1049)
	at org.testng.TestNG.run(TestNG.java:1017)
	at com.epam.cdp.cal.tests.testng.Runner.main(Runner.java:26)
</pre></div></td>
<td>0</td>
<td>com.epam.cdp.cal.tests.testng.positive.CotangentCalculatorTest@4afd8d</td></tr>
<tr>
<td title='com.epam.cdp.cal.tests.testng.positive.TangentCalculatorTest.tangentTest()'><b>tangentTest</b><br>Test class: com.epam.cdp.cal.tests.testng.positive.TangentCalculatorTest<br>Parameters: 0, 0.0</td>
<td><div><pre>java.lang.AssertionError: Invalid result of tangent expected [NaN] but found [0.0]
	at com.epam.cdp.cal.tests.testng.positive.TangentCalculatorTest.tangentTest(TangentCalculatorTest.java:13)
	at com.epam.cdp.cal.tests.testng.Runner.main(Runner.java:26)
... Removed 26 stack frames</pre></div><a href='#' onClick='toggleBox("stack-trace9284831", this, "Click to show all stack frames", "Click to hide stack frames")'>Click to show all stack frames</a>
<div class='stack-trace' id='stack-trace9284831'><pre>java.lang.AssertionError: Invalid result of tangent expected [NaN] but found [0.0]
	at org.testng.Assert.fail(Assert.java:96)
	at org.testng.Assert.failNotEquals(Assert.java:776)
	at org.testng.Assert.assertEquals(Assert.java:485)
	at com.epam.cdp.cal.tests.testng.positive.TangentCalculatorTest.tangentTest(TangentCalculatorTest.java:13)
	at sun.reflect.NativeMethodAccessorImpl.invoke0(Native Method)
	at sun.reflect.NativeMethodAccessorImpl.invoke(NativeMethodAccessorImpl.java:62)
	at sun.reflect.DelegatingMethodAccessorImpl.invoke(DelegatingMethodAccessorImpl.java:43)
	at java.lang.reflect.Method.invoke(Method.java:498)
	at org.testng.internal.MethodInvocationHelper.invokeMethod(MethodInvocationHelper.java:124)
	at org.testng.internal.Invoker.invokeMethod(Invoker.java:583)
	at org.testng.internal.Invoker.invokeTestMethod(Invoker.java:719)
	at org.testng.internal.Invoker.invokeTestMethods(Invoker.java:989)
	at org.testng.internal.TestMethodWorker.invokeTestMethods(TestMethodWorker.java:125)
	at org.testng.internal.TestMethodWorker.run(TestMethodWorker.java:109)
	at org.testng.TestRunner.privateRun(TestRunner.java:648)
	at org.testng.TestRunner.run(TestRunner.java:505)
	at org.testng.SuiteRunner.runTest(SuiteRunner.java:455)
	at org.testng.SuiteRunner.runSequentially(SuiteRunner.java:450)
	at org.testng.SuiteRunner.privateRun(SuiteRunner.java:415)
	at org.testng.SuiteRunner.run(SuiteRunner.java:364)
	at org.testng.SuiteRunnerWorker.runSuite(SuiteRunnerWorker.java:52)
	at org.testng.SuiteRunnerWorker.run(SuiteRunnerWorker.java:84)
	at org.testng.TestNG.runSuitesSequentially(TestNG.java:1208)
	at org.testng.TestNG.runSuitesSequentially(TestNG.java:1204)
	at org.testng.TestNG.runSuitesLocally(TestNG.java:1137)
	at org.testng.TestNG.runSuites(TestNG.java:1049)
	at org.testng.TestNG.run(TestNG.java:1017)
	at com.epam.cdp.cal.tests.testng.Runner.main(Runner.java:26)
</pre></div></td>
<td>0</td>
<td>com.epam.cdp.cal.tests.testng.positive.TangentCalculatorTest@d1f1c8</td></tr>
<tr>
<td title='com.epam.cdp.cal.tests.testng.positive.TangentCalculatorTest.tangentTest()'><b>tangentTest</b><br>Test class: com.epam.cdp.cal.tests.testng.positive.TangentCalculatorTest<br>Parameters: 7, 0.87</td>
<td><div><pre>java.lang.AssertionError: Invalid result of tangent expected [1.0] but found [0.87]
	at com.epam.cdp.cal.tests.testng.positive.TangentCalculatorTest.tangentTest(TangentCalculatorTest.java:13)
	at com.epam.cdp.cal.tests.testng.Runner.main(Runner.java:26)
... Removed 26 stack frames</pre></div><a href='#' onClick='toggleBox("stack-trace7978630", this, "Click to show all stack frames", "Click to hide stack frames")'>Click to show all stack frames</a>
<div class='stack-trace' id='stack-trace7978630'><pre>java.lang.AssertionError: Invalid result of tangent expected [1.0] but found [0.87]
	at org.testng.Assert.fail(Assert.java:96)
	at org.testng.Assert.failNotEquals(Assert.java:776)
	at org.testng.Assert.assertEquals(Assert.java:489)
	at com.epam.cdp.cal.tests.testng.positive.TangentCalculatorTest.tangentTest(TangentCalculatorTest.java:13)
	at sun.reflect.NativeMethodAccessorImpl.invoke0(Native Method)
	at sun.reflect.NativeMethodAccessorImpl.invoke(NativeMethodAccessorImpl.java:62)
	at sun.reflect.DelegatingMethodAccessorImpl.invoke(DelegatingMethodAccessorImpl.java:43)
	at java.lang.reflect.Method.invoke(Method.java:498)
	at org.testng.internal.MethodInvocationHelper.invokeMethod(MethodInvocationHelper.java:124)
	at org.testng.internal.Invoker.invokeMethod(Invoker.java:583)
	at org.testng.internal.Invoker.invokeTestMethod(Invoker.java:719)
	at org.testng.internal.Invoker.invokeTestMethods(Invoker.java:989)
	at org.testng.internal.TestMethodWorker.invokeTestMethods(TestMethodWorker.java:125)
	at org.testng.internal.TestMethodWorker.run(TestMethodWorker.java:109)
	at org.testng.TestRunner.privateRun(TestRunner.java:648)
	at org.testng.TestRunner.run(TestRunner.java:505)
	at org.testng.SuiteRunner.runTest(SuiteRunner.java:455)
	at org.testng.SuiteRunner.runSequentially(SuiteRunner.java:450)
	at org.testng.SuiteRunner.privateRun(SuiteRunner.java:415)
	at org.testng.SuiteRunner.run(SuiteRunner.java:364)
	at org.testng.SuiteRunnerWorker.runSuite(SuiteRunnerWorker.java:52)
	at org.testng.SuiteRunnerWorker.run(SuiteRunnerWorker.java:84)
	at org.testng.TestNG.runSuitesSequentially(TestNG.java:1208)
	at org.testng.TestNG.runSuitesSequentially(TestNG.java:1204)
	at org.testng.TestNG.runSuitesLocally(TestNG.java:1137)
	at org.testng.TestNG.runSuites(TestNG.java:1049)
	at org.testng.TestNG.run(TestNG.java:1017)
	at com.epam.cdp.cal.tests.testng.Runner.main(Runner.java:26)
</pre></div></td>
<td>0</td>
<td>com.epam.cdp.cal.tests.testng.positive.TangentCalculatorTest@d1f1c8</td></tr>
<tr>
<td title='com.epam.cdp.cal.tests.testng.positive.TangentCalculatorTest.tangentTest()'><b>tangentTest</b><br>Test class: com.epam.cdp.cal.tests.testng.positive.TangentCalculatorTest<br>Parameters: 1, 1.55</td>
<td><div><pre>java.lang.AssertionError: Invalid result of tangent expected [1.0] but found [1.55]
	at com.epam.cdp.cal.tests.testng.positive.TangentCalculatorTest.tangentTest(TangentCalculatorTest.java:13)
	at com.epam.cdp.cal.tests.testng.Runner.main(Runner.java:26)
... Removed 26 stack frames</pre></div><a href='#' onClick='toggleBox("stack-trace13535991", this, "Click to show all stack frames", "Click to hide stack frames")'>Click to show all stack frames</a>
<div class='stack-trace' id='stack-trace13535991'><pre>java.lang.AssertionError: Invalid result of tangent expected [1.0] but found [1.55]
	at org.testng.Assert.fail(Assert.java:96)
	at org.testng.Assert.failNotEquals(Assert.java:776)
	at org.testng.Assert.assertEquals(Assert.java:489)
	at com.epam.cdp.cal.tests.testng.positive.TangentCalculatorTest.tangentTest(TangentCalculatorTest.java:13)
	at sun.reflect.NativeMethodAccessorImpl.invoke0(Native Method)
	at sun.reflect.NativeMethodAccessorImpl.invoke(NativeMethodAccessorImpl.java:62)
	at sun.reflect.DelegatingMethodAccessorImpl.invoke(DelegatingMethodAccessorImpl.java:43)
	at java.lang.reflect.Method.invoke(Method.java:498)
	at org.testng.internal.MethodInvocationHelper.invokeMethod(MethodInvocationHelper.java:124)
	at org.testng.internal.Invoker.invokeMethod(Invoker.java:583)
	at org.testng.internal.Invoker.invokeTestMethod(Invoker.java:719)
	at org.testng.internal.Invoker.invokeTestMethods(Invoker.java:989)
	at org.testng.internal.TestMethodWorker.invokeTestMethods(TestMethodWorker.java:125)
	at org.testng.internal.TestMethodWorker.run(TestMethodWorker.java:109)
	at org.testng.TestRunner.privateRun(TestRunner.java:648)
	at org.testng.TestRunner.run(TestRunner.java:505)
	at org.testng.SuiteRunner.runTest(SuiteRunner.java:455)
	at org.testng.SuiteRunner.runSequentially(SuiteRunner.java:450)
	at org.testng.SuiteRunner.privateRun(SuiteRunner.java:415)
	at org.testng.SuiteRunner.run(SuiteRunner.java:364)
	at org.testng.SuiteRunnerWorker.runSuite(SuiteRunnerWorker.java:52)
	at org.testng.SuiteRunnerWorker.run(SuiteRunnerWorker.java:84)
	at org.testng.TestNG.runSuitesSequentially(TestNG.java:1208)
	at org.testng.TestNG.runSuitesSequentially(TestNG.java:1204)
	at org.testng.TestNG.runSuitesLocally(TestNG.java:1137)
	at org.testng.TestNG.runSuites(TestNG.java:1049)
	at org.testng.TestNG.run(TestNG.java:1017)
	at com.epam.cdp.cal.tests.testng.Runner.main(Runner.java:26)
</pre></div></td>
<td>0</td>
<td>com.epam.cdp.cal.tests.testng.positive.TangentCalculatorTest@d1f1c8</td></tr>
<tr>
<td title='com.epam.cdp.cal.tests.testng.positive.TangentCalculatorTest.tangentTest()'><b>tangentTest</b><br>Test class: com.epam.cdp.cal.tests.testng.positive.TangentCalculatorTest<br>Parameters: -1, -1.55</td>
<td><div><pre>java.lang.AssertionError: Invalid result of tangent expected [1.0] but found [-1.55]
	at com.epam.cdp.cal.tests.testng.positive.TangentCalculatorTest.tangentTest(TangentCalculatorTest.java:13)
	at com.epam.cdp.cal.tests.testng.Runner.main(Runner.java:26)
... Removed 26 stack frames</pre></div><a href='#' onClick='toggleBox("stack-trace23609990", this, "Click to show all stack frames", "Click to hide stack frames")'>Click to show all stack frames</a>
<div class='stack-trace' id='stack-trace23609990'><pre>java.lang.AssertionError: Invalid result of tangent expected [1.0] but found [-1.55]
	at org.testng.Assert.fail(Assert.java:96)
	at org.testng.Assert.failNotEquals(Assert.java:776)
	at org.testng.Assert.assertEquals(Assert.java:489)
	at com.epam.cdp.cal.tests.testng.positive.TangentCalculatorTest.tangentTest(TangentCalculatorTest.java:13)
	at sun.reflect.NativeMethodAccessorImpl.invoke0(Native Method)
	at sun.reflect.NativeMethodAccessorImpl.invoke(NativeMethodAccessorImpl.java:62)
	at sun.reflect.DelegatingMethodAccessorImpl.invoke(DelegatingMethodAccessorImpl.java:43)
	at java.lang.reflect.Method.invoke(Method.java:498)
	at org.testng.internal.MethodInvocationHelper.invokeMethod(MethodInvocationHelper.java:124)
	at org.testng.internal.Invoker.invokeMethod(Invoker.java:583)
	at org.testng.internal.Invoker.invokeTestMethod(Invoker.java:719)
	at org.testng.internal.Invoker.invokeTestMethods(Invoker.java:989)
	at org.testng.internal.TestMethodWorker.invokeTestMethods(TestMethodWorker.java:125)
	at org.testng.internal.TestMethodWorker.run(TestMethodWorker.java:109)
	at org.testng.TestRunner.privateRun(TestRunner.java:648)
	at org.testng.TestRunner.run(TestRunner.java:505)
	at org.testng.SuiteRunner.runTest(SuiteRunner.java:455)
	at org.testng.SuiteRunner.runSequentially(SuiteRunner.java:450)
	at org.testng.SuiteRunner.privateRun(SuiteRunner.java:415)
	at org.testng.SuiteRunner.run(SuiteRunner.java:364)
	at org.testng.SuiteRunnerWorker.runSuite(SuiteRunnerWorker.java:52)
	at org.testng.SuiteRunnerWorker.run(SuiteRunnerWorker.java:84)
	at org.testng.TestNG.runSuitesSequentially(TestNG.java:1208)
	at org.testng.TestNG.runSuitesSequentially(TestNG.java:1204)
	at org.testng.TestNG.runSuitesLocally(TestNG.java:1137)
	at org.testng.TestNG.runSuites(TestNG.java:1049)
	at org.testng.TestNG.run(TestNG.java:1017)
	at com.epam.cdp.cal.tests.testng.Runner.main(Runner.java:26)
</pre></div></td>
<td>0</td>
<td>com.epam.cdp.cal.tests.testng.positive.TangentCalculatorTest@d1f1c8</td></tr>
</table><p>
<table width='100%' border='1' class='invocation-passed'>
<tr><td colspan='4' align='center'><b>PASSED TESTS</b></td></tr>
<tr><td><b>Test method</b></td>
<td width="30%"><b>Exception</b></td>
<td width="10%"><b>Time (seconds)</b></td>
<td><b>Instance</b></td>
</tr>
<tr>
<td title='com.epam.cdp.cal.tests.testng.positive.SinusCalculatorTest.sinusTest()'><b>sinusTest</b><br>Test class: com.epam.cdp.cal.tests.testng.positive.SinusCalculatorTest<br>Parameters: 3, 0.14</td>
<td></td>
<td>0</td>
<td>com.epam.cdp.cal.tests.testng.positive.SinusCalculatorTest@196cd68</td></tr>
<tr>
<td title='com.epam.cdp.cal.tests.testng.positive.SinusCalculatorTest.sinusTest()'><b>sinusTest</b><br>Test class: com.epam.cdp.cal.tests.testng.positive.SinusCalculatorTest<br>Parameters: 0, 0.0</td>
<td></td>
<td>0</td>
<td>com.epam.cdp.cal.tests.testng.positive.SinusCalculatorTest@196cd68</td></tr>
<tr>
<td title='com.epam.cdp.cal.tests.testng.positive.SinusCalculatorTest.sinusTest()'><b>sinusTest</b><br>Test class: com.epam.cdp.cal.tests.testng.positive.SinusCalculatorTest<br>Parameters: -1, -0.84</td>
<td></td>
<td>0</td>
<td>com.epam.cdp.cal.tests.testng.positive.SinusCalculatorTest@196cd68</td></tr>
<tr>
<td title='com.epam.cdp.cal.tests.testng.positive.SinusCalculatorTest.sinusTest()'><b>sinusTest</b><br>Test class: com.epam.cdp.cal.tests.testng.positive.SinusCalculatorTest<br>Parameters: 1, 0.84</td>
<td></td>
<td>0</td>
<td>com.epam.cdp.cal.tests.testng.positive.SinusCalculatorTest@196cd68</td></tr>
</table><p>
</body>
</html>