<?xml version="1.0" encoding="UTF-8"?>
<!-- Generated by org.testng.reporters.JUnitXMLReporter -->
<testsuite hostname="Asus" ignored="0" name="calculator" tests="4" failures="4" timestamp="05 Jun 2019 20:02:40 GMT" time="1.792" errors="0">
  <testcase name="cotangentTest" time="0.001" classname="com.epam.cdp.cal.tests.testng.positive.CotangentCalculatorTest">
    <failure type="java.lang.AssertionError" message="Invalid result of cotangent expected [0.0] but found [Infinity]">
      <![CDATA[java.lang.AssertionError: Invalid result of cotangent expected [0.0] but found [Infinity]
at com.epam.cdp.cal.tests.testng.positive.CotangentCalculatorTest.cotangentTest(CotangentCalculatorTest.java:14)
at java.util.concurrent.FutureTask.run(FutureTask.java:266)
at java.util.concurrent.ThreadPoolExecutor.runWorker(ThreadPoolExecutor.java:1142)
at java.util.concurrent.ThreadPoolExecutor$Worker.run(ThreadPoolExecutor.java:617)
at java.lang.Thread.run(Thread.java:745)
... Removed 19 stack frames]]>
    </failure>
  </testcase> <!-- cotangentTest -->
  <testcase name="cotangentTest" time="0.001" classname="com.epam.cdp.cal.tests.testng.positive.CotangentCalculatorTest">
    <failure type="java.lang.AssertionError" message="Invalid result of cotangent expected [0.9999983369439447] but found [1.14]">
      <![CDATA[java.lang.AssertionError: Invalid result of cotangent expected [0.9999983369439447] but found [1.14]
at com.epam.cdp.cal.tests.testng.positive.CotangentCalculatorTest.cotangentTest(CotangentCalculatorTest.java:14)
at java.util.concurrent.FutureTask.run(FutureTask.java:266)
at java.util.concurrent.ThreadPoolExecutor.runWorker(ThreadPoolExecutor.java:1142)
at java.util.concurrent.ThreadPoolExecutor$Worker.run(ThreadPoolExecutor.java:617)
at java.lang.Thread.run(Thread.java:745)
... Removed 19 stack frames]]>
    </failure>
  </testcase> <!-- cotangentTest -->
  <testcase name="cotangentTest" time="0.0" classname="com.epam.cdp.cal.tests.testng.positive.CotangentCalculatorTest">
    <failure type="java.lang.AssertionError" message="Invalid result of cotangent expected [0.7615941559557649] but found [0.642]">
      <![CDATA[java.lang.AssertionError: Invalid result of cotangent expected [0.7615941559557649] but found [0.642]
at com.epam.cdp.cal.tests.testng.positive.CotangentCalculatorTest.cotangentTest(CotangentCalculatorTest.java:14)
at java.util.concurrent.FutureTask.run(FutureTask.java:266)
at java.util.concurrent.ThreadPoolExecutor.runWorker(ThreadPoolExecutor.java:1142)
at java.util.concurrent.ThreadPoolExecutor$Worker.run(ThreadPoolExecutor.java:617)
at java.lang.Thread.run(Thread.java:745)
... Removed 19 stack frames]]>
    </failure>
  </testcase> <!-- cotangentTest -->
  <testcase name="cotangentTest" time="0.001" classname="com.epam.cdp.cal.tests.testng.positive.CotangentCalculatorTest">
    <failure type="java.lang.AssertionError" message="Invalid result of cotangent expected [-0.7615941559557649] but found [-0.642]">
      <![CDATA[java.lang.AssertionError: Invalid result of cotangent expected [-0.7615941559557649] but found [-0.642]
at com.epam.cdp.cal.tests.testng.positive.CotangentCalculatorTest.cotangentTest(CotangentCalculatorTest.java:14)
at java.util.concurrent.FutureTask.run(FutureTask.java:266)
at java.util.concurrent.ThreadPoolExecutor.runWorker(ThreadPoolExecutor.java:1142)
at java.util.concurrent.ThreadPoolExecutor$Worker.run(ThreadPoolExecutor.java:617)
at java.lang.Thread.run(Thread.java:745)
... Removed 19 stack frames]]>
    </failure>
  </testcase> <!-- cotangentTest -->
</testsuite> <!-- calculator -->
