<?xml version="1.0" encoding="UTF-8"?>
<!-- Generated by org.testng.reporters.JUnitXMLReporter -->
<testsuite hostname="EPBYMINW2706" ignored="0" name="Cotangent Cal Test" tests="4" failures="4" timestamp="28 May 2019 10:34:47 GMT" time="0.0" errors="0">
  <testcase name="cotangentTest" time="0.0" classname="com.epam.cdp.cal.tests.CotangentCalculatorTest">
    <failure type="java.lang.AssertionError" message="Invalid result of cotangent expected [0.0] but found [Infinity]">
      <![CDATA[java.lang.AssertionError: Invalid result of cotangent expected [0.0] but found [Infinity]
at com.epam.cdp.cal.tests.CotangentCalculatorTest.cotangentTest(CotangentCalculatorTest.java:14)
at java.util.concurrent.ThreadPoolExecutor.runWorker(ThreadPoolExecutor.java:1149)
at java.util.concurrent.ThreadPoolExecutor$Worker.run(ThreadPoolExecutor.java:624)
at java.lang.Thread.run(Thread.java:748)
... Removed 13 stack frames]]>
    </failure>
  </testcase> <!-- cotangentTest -->
  <testcase name="cotangentTest" time="0.0" classname="com.epam.cdp.cal.tests.CotangentCalculatorTest">
    <failure type="java.lang.AssertionError" message="Invalid result of cotangent expected [0.9999983369439447] but found [1.14]">
      <![CDATA[java.lang.AssertionError: Invalid result of cotangent expected [0.9999983369439447] but found [1.14]
at com.epam.cdp.cal.tests.CotangentCalculatorTest.cotangentTest(CotangentCalculatorTest.java:14)
at java.util.concurrent.ThreadPoolExecutor.runWorker(ThreadPoolExecutor.java:1149)
at java.util.concurrent.ThreadPoolExecutor$Worker.run(ThreadPoolExecutor.java:624)
at java.lang.Thread.run(Thread.java:748)
... Removed 13 stack frames]]>
    </failure>
  </testcase> <!-- cotangentTest -->
  <testcase name="cotangentTest" time="0.0" classname="com.epam.cdp.cal.tests.CotangentCalculatorTest">
    <failure type="java.lang.AssertionError" message="Invalid result of cotangent expected [0.7615941559557649] but found [0.642]">
      <![CDATA[java.lang.AssertionError: Invalid result of cotangent expected [0.7615941559557649] but found [0.642]
at com.epam.cdp.cal.tests.CotangentCalculatorTest.cotangentTest(CotangentCalculatorTest.java:14)
at java.util.concurrent.ThreadPoolExecutor.runWorker(ThreadPoolExecutor.java:1149)
at java.util.concurrent.ThreadPoolExecutor$Worker.run(ThreadPoolExecutor.java:624)
at java.lang.Thread.run(Thread.java:748)
... Removed 13 stack frames]]>
    </failure>
  </testcase> <!-- cotangentTest -->
  <testcase name="cotangentTest" time="0.0" classname="com.epam.cdp.cal.tests.CotangentCalculatorTest">
    <failure type="java.lang.AssertionError" message="Invalid result of cotangent expected [-0.7615941559557649] but found [-0.642]">
      <![CDATA[java.lang.AssertionError: Invalid result of cotangent expected [-0.7615941559557649] but found [-0.642]
at com.epam.cdp.cal.tests.CotangentCalculatorTest.cotangentTest(CotangentCalculatorTest.java:14)
at java.util.concurrent.ThreadPoolExecutor.runWorker(ThreadPoolExecutor.java:1149)
at java.util.concurrent.ThreadPoolExecutor$Worker.run(ThreadPoolExecutor.java:624)
at java.lang.Thread.run(Thread.java:748)
... Removed 13 stack frames]]>
    </failure>
  </testcase> <!-- cotangentTest -->
</testsuite> <!-- Cotangent Cal Test -->
