<?xml version="1.0" encoding="UTF-8"?>
<!-- Generated by org.testng.reporters.JUnitXMLReporter -->
<testsuite hostname="EPBYMINW2706" ignored="0" name="Tangent Cal Test" tests="4" failures="4" timestamp="28 May 2019 12:19:23 GMT" time="1.24" errors="0">
  <testcase name="tangentTest" time="0.0" classname="com.epam.cdp.cal.tests.testng.positive.TangentCalculatorTest">
    <failure type="java.lang.AssertionError" message="Invalid result of tangent expected [NaN] but found [0.0]">
      <![CDATA[java.lang.AssertionError: Invalid result of tangent expected [NaN] but found [0.0]
at com.epam.cdp.cal.tests.testng.positive.TangentCalculatorTest.tangentTest(TangentCalculatorTest.java:13)
at java.util.concurrent.ThreadPoolExecutor.runWorker(ThreadPoolExecutor.java:1149)
at java.util.concurrent.ThreadPoolExecutor$Worker.run(ThreadPoolExecutor.java:624)
at java.lang.Thread.run(Thread.java:748)
... Removed 13 stack frames]]>
    </failure>
  </testcase> <!-- tangentTest -->
  <testcase name="tangentTest" time="0.0" classname="com.epam.cdp.cal.tests.testng.positive.TangentCalculatorTest">
    <failure type="java.lang.AssertionError" message="Invalid result of tangent expected [1.0] but found [0.87]">
      <![CDATA[java.lang.AssertionError: Invalid result of tangent expected [1.0] but found [0.87]
at com.epam.cdp.cal.tests.testng.positive.TangentCalculatorTest.tangentTest(TangentCalculatorTest.java:13)
at java.util.concurrent.ThreadPoolExecutor.runWorker(ThreadPoolExecutor.java:1149)
at java.util.concurrent.ThreadPoolExecutor$Worker.run(ThreadPoolExecutor.java:624)
at java.lang.Thread.run(Thread.java:748)
... Removed 13 stack frames]]>
    </failure>
  </testcase> <!-- tangentTest -->
  <testcase name="tangentTest" time="0.0" classname="com.epam.cdp.cal.tests.testng.positive.TangentCalculatorTest">
    <failure type="java.lang.AssertionError" message="Invalid result of tangent expected [1.0] but found [1.55]">
      <![CDATA[java.lang.AssertionError: Invalid result of tangent expected [1.0] but found [1.55]
at com.epam.cdp.cal.tests.testng.positive.TangentCalculatorTest.tangentTest(TangentCalculatorTest.java:13)
at java.util.concurrent.ThreadPoolExecutor.runWorker(ThreadPoolExecutor.java:1149)
at java.util.concurrent.ThreadPoolExecutor$Worker.run(ThreadPoolExecutor.java:624)
at java.lang.Thread.run(Thread.java:748)
... Removed 13 stack frames]]>
    </failure>
  </testcase> <!-- tangentTest -->
  <testcase name="tangentTest" time="0.0" classname="com.epam.cdp.cal.tests.testng.positive.TangentCalculatorTest">
    <failure type="java.lang.AssertionError" message="Invalid result of tangent expected [1.0] but found [-1.55]">
      <![CDATA[java.lang.AssertionError: Invalid result of tangent expected [1.0] but found [-1.55]
at com.epam.cdp.cal.tests.testng.positive.TangentCalculatorTest.tangentTest(TangentCalculatorTest.java:13)
at java.util.concurrent.ThreadPoolExecutor.runWorker(ThreadPoolExecutor.java:1149)
at java.util.concurrent.ThreadPoolExecutor$Worker.run(ThreadPoolExecutor.java:624)
at java.lang.Thread.run(Thread.java:748)
... Removed 13 stack frames]]>
    </failure>
  </testcase> <!-- tangentTest -->
</testsuite> <!-- Tangent Cal Test -->
