<?xml version="1.0" encoding="UTF-8"?>
<!-- Generated by org.testng.reporters.JUnitXMLReporter -->
<testsuite hostname="Asus" ignored="0" name="Tangent" tests="4" failures="4" timestamp="05 Jun 2019 20:02:40 GMT" time="1.815" errors="0">
  <testcase name="tangentTest" time="0.0" classname="com.epam.cdp.cal.tests.testng.positive.TangentCalculatorTest">
    <failure type="java.lang.AssertionError" message="Invalid result of tangent expected [NaN] but found [0.0]">
      <![CDATA[java.lang.AssertionError: Invalid result of tangent expected [NaN] but found [0.0]
at com.epam.cdp.cal.tests.testng.positive.TangentCalculatorTest.tangentTest(TangentCalculatorTest.java:13)
at java.util.concurrent.FutureTask.run(FutureTask.java:266)
at java.util.concurrent.ThreadPoolExecutor.runWorker(ThreadPoolExecutor.java:1142)
at java.util.concurrent.ThreadPoolExecutor$Worker.run(ThreadPoolExecutor.java:617)
at java.lang.Thread.run(Thread.java:745)
... Removed 19 stack frames]]>
    </failure>
  </testcase> <!-- tangentTest -->
  <testcase name="tangentTest" time="0.0" classname="com.epam.cdp.cal.tests.testng.positive.TangentCalculatorTest">
    <failure type="java.lang.AssertionError" message="Invalid result of tangent expected [1.0] but found [0.87]">
      <![CDATA[java.lang.AssertionError: Invalid result of tangent expected [1.0] but found [0.87]
at com.epam.cdp.cal.tests.testng.positive.TangentCalculatorTest.tangentTest(TangentCalculatorTest.java:13)
at java.util.concurrent.FutureTask.run(FutureTask.java:266)
at java.util.concurrent.ThreadPoolExecutor.runWorker(ThreadPoolExecutor.java:1142)
at java.util.concurrent.ThreadPoolExecutor$Worker.run(ThreadPoolExecutor.java:617)
at java.lang.Thread.run(Thread.java:745)
... Removed 19 stack frames]]>
    </failure>
  </testcase> <!-- tangentTest -->
  <testcase name="tangentTest" time="0.001" classname="com.epam.cdp.cal.tests.testng.positive.TangentCalculatorTest">
    <failure type="java.lang.AssertionError" message="Invalid result of tangent expected [1.0] but found [1.55]">
      <![CDATA[java.lang.AssertionError: Invalid result of tangent expected [1.0] but found [1.55]
at com.epam.cdp.cal.tests.testng.positive.TangentCalculatorTest.tangentTest(TangentCalculatorTest.java:13)
at java.util.concurrent.FutureTask.run(FutureTask.java:266)
at java.util.concurrent.ThreadPoolExecutor.runWorker(ThreadPoolExecutor.java:1142)
at java.util.concurrent.ThreadPoolExecutor$Worker.run(ThreadPoolExecutor.java:617)
at java.lang.Thread.run(Thread.java:745)
... Removed 19 stack frames]]>
    </failure>
  </testcase> <!-- tangentTest -->
  <testcase name="tangentTest" time="0.0" classname="com.epam.cdp.cal.tests.testng.positive.TangentCalculatorTest">
    <failure type="java.lang.AssertionError" message="Invalid result of tangent expected [1.0] but found [-1.55]">
      <![CDATA[java.lang.AssertionError: Invalid result of tangent expected [1.0] but found [-1.55]
at com.epam.cdp.cal.tests.testng.positive.TangentCalculatorTest.tangentTest(TangentCalculatorTest.java:13)
at java.util.concurrent.FutureTask.run(FutureTask.java:266)
at java.util.concurrent.ThreadPoolExecutor.runWorker(ThreadPoolExecutor.java:1142)
at java.util.concurrent.ThreadPoolExecutor$Worker.run(ThreadPoolExecutor.java:617)
at java.lang.Thread.run(Thread.java:745)
... Removed 19 stack frames]]>
    </failure>
  </testcase> <!-- tangentTest -->
</testsuite> <!-- Tangent -->
